<?xml version="1.0" encoding="UTF-8"?>
<testsuite xmlns:xsi="http://www.w3.org/2001/XMLSchema-instance" xsi:noNamespaceSchemaLocation="https://maven.apache.org/surefire/maven-surefire-plugin/xsd/surefire-test-report.xsd" version="3.0.1" name="TestSuite" time="202.402" tests="1" errors="0" skipped="0" failures="0">
  <properties>
[...]
</properties>
  <testcase name="runMain" classname="com.optum.rxcomet.runnerclass.RunTest" time="201.108">
    <system-out><![CDATA[[TestNG] INVOKING CONFIGURATION: "UNKNOWN" - @BeforeSuite com.optum.rxcomet.utils.BaseTest.reportSetup()
[TestNG] PASSED CONFIGURATION: "UNKNOWN" - @BeforeSuite com.optum.rxcomet.utils.BaseTest.reportSetup() finished in 416 ms
[TestNG] RUNNING: Suite: "Test" containing "0" Tests (config: null)
===== Invoked methods
=====
[TestNG] 
[TestNG] ===============================================
[TestNG]     Test
[TestNG]     Tests run: 0, Failures: 0, Skips: []
[TestNG] ===============================================

===============================================
    Test
    Tests run: 0, Failures: 0, Skips: 0
===============================================

[TestNG] RUNNING: Suite: "Sub test1" containing "1" Tests (config: null)
[TestNG] INVOKING CONFIGURATION: "Sub test1" - @BeforeClass com.optum.rxcomet.utils.BaseTest.setup(java.lang.String)(value(s): "HonorHealth_ImplementationDataExport")
[TestNG] FAILED CONFIGURATION: "Sub test1" - @BeforeClass com.optum.rxcomet.utils.BaseTest.setup(java.lang.String)(value(s): "HonorHealth_ImplementationDataExport") finished in 195004 ms
[TestNG] org.openqa.selenium.TimeoutException: java.util.concurrent.TimeoutException
[TestNG] Build info: version: '4.21.0', revision: '79ed462ef4'
[TestNG] System info: os.name: 'Windows 11', os.arch: 'amd64', os.version: '10.0', java.version: '21.0.8'
[TestNG] Driver info: org.openqa.selenium.chrome.ChromeDriver
[TestNG] Command: [b4c4c37787ac48b5b802f9823d6cde2b, get {url=https://www.flipkart.com/}]
[TestNG] Capabilities {acceptInsecureCerts: false, browserName: chrome, browserVersion: 140.0.7339.128, chrome: {chromedriverVersion: 140.0.7339.207 (17230b545fd..., userDataDir: C:\Users\DELL\AppData\Local...}, fedcm:accounts: true, goog:chromeOptions: {debuggerAddress: localhost:64568}, networkConnectionEnabled: false, pageLoadStrategy: normal, platformName: windows, proxy: Proxy(), se:cdp: ws://localhost:64568/devtoo..., se:cdpVersion: 140.0.7339.128, setWindowRect: true, strictFileInteractability: false, timeouts: {implicit: 0, pageLoad: 300000, script: 30000}, unhandledPromptBehavior: dismiss and notify, webauthn:extension:credBlob: true, webauthn:extension:largeBlob: true, webauthn:extension:minPinLength: true, webauthn:extension:prf: true, webauthn:virtualAuthenticators: true}
[TestNG] Session ID: b4c4c37787ac48b5b802f9823d6cde2b
[TestNG] 	at org.openqa.selenium.remote.http.jdk.JdkHttpClient.execute0(JdkHttpClient.java:399)
[TestNG] 	at org.openqa.selenium.remote.http.AddSeleniumUserAgent.lambda$apply$0(AddSeleniumUserAgent.java:42)
[TestNG] 	at org.openqa.selenium.remote.http.Filter.lambda$andFinally$1(Filter.java:55)
[TestNG] 	at org.openqa.selenium.remote.http.jdk.JdkHttpClient.execute(JdkHttpClient.java:355)
[TestNG] 	at org.openqa.selenium.remote.HttpCommandExecutor.execute(HttpCommandExecutor.java:187)
[TestNG] 	at org.openqa.selenium.remote.service.DriverCommandExecutor.invokeExecute(DriverCommandExecutor.java:216)
[TestNG] 	at org.openqa.selenium.remote.service.DriverCommandExecutor.execute(DriverCommandExecutor.java:174)
[TestNG] 	at org.openqa.selenium.remote.RemoteWebDriver.execute(RemoteWebDriver.java:518)
[TestNG] 	at org.openqa.selenium.remote.RemoteWebDriver.get(RemoteWebDriver.java:300)
[TestNG] 	at com.optum.rxcomet.utils.Interactions.launchBrowser(Interactions.java:75)
[TestNG] 	at com.optum.rxcomet.utils.BaseTest.setup(BaseTest.java:25)
[TestNG] 	at java.base/jdk.internal.reflect.DirectMethodHandleAccessor.invoke(DirectMethodHandleAccessor.java:103)
[TestNG] 	at java.base/java.lang.reflect.Method.invoke(Method.java:580)
[TestNG] 	at org.testng.internal.invokers.MethodInvocationHelper.invokeMethod(MethodInvocationHelper.java:139)
[TestNG] 	at org.testng.internal.invokers.MethodInvocationHelper.invokeMethodConsideringTimeout(MethodInvocationHelper.java:69)
[TestNG] 	at org.testng.internal.invokers.ConfigInvoker.invokeConfigurationMethod(ConfigInvoker.java:393)
[TestNG] 	at org.testng.internal.invokers.ConfigInvoker.invokeConfigurations(ConfigInvoker.java:326)
[TestNG] 	at org.testng.internal.invokers.TestMethodWorker.invokeBeforeClassMethods(TestMethodWorker.java:180)
[TestNG] 	at org.testng.internal.invokers.TestMethodWorker.run(TestMethodWorker.java:122)
[TestNG] 	at java.base/java.util.ArrayList.forEach(ArrayList.java:1596)
[TestNG] 	at org.testng.TestRunner.privateRun(TestRunner.java:819)
[TestNG] 	at org.testng.TestRunner.run(TestRunner.java:619)
[TestNG] 	at org.testng.SuiteRunner.runTest(SuiteRunner.java:443)
[TestNG] 	at org.testng.SuiteRunner.runSequentially(SuiteRunner.java:437)
[TestNG] 	at org.testng.SuiteRunner.privateRun(SuiteRunner.java:397)
[TestNG] 	at org.testng.SuiteRunner.run(SuiteRunner.java:336)
[TestNG] 	at org.testng.SuiteRunnerWorker.runSuite(SuiteRunnerWorker.java:52)
[TestNG] 	at org.testng.SuiteRunnerWorker.run(SuiteRunnerWorker.java:95)
[TestNG] 	at org.testng.TestNG.runSuitesSequentially(TestNG.java:1301)
[TestNG] 	at org.testng.TestNG.runSuitesLocally(TestNG.java:1228)
[TestNG] 	at org.testng.TestNG.runSuites(TestNG.java:1134)
[TestNG] 	at org.testng.TestNG.run(TestNG.java:1101)
[TestNG] 	at com.optum.rxcomet.runnerclass.RunTest.runMain(RunTest.java:92)
[TestNG] 	at java.base/jdk.internal.reflect.DirectMethodHandleAccessor.invoke(DirectMethodHandleAccessor.java:103)
[TestNG] 	at java.base/java.lang.reflect.Method.invoke(Method.java:580)
[TestNG] 	at org.testng.internal.invokers.MethodInvocationHelper.invokeMethod(MethodInvocationHelper.java:139)
[TestNG] 	at org.testng.internal.invokers.TestInvoker.invokeMethod(TestInvoker.java:664)
[TestNG] 	at org.testng.internal.invokers.TestInvoker.invokeTestMethod(TestInvoker.java:228)
[TestNG] 	at org.testng.internal.invokers.MethodRunner.runInSequence(MethodRunner.java:63)
[TestNG] 	at org.testng.internal.invokers.TestInvoker$MethodInvocationAgent.invoke(TestInvoker.java:961)
[TestNG] 	at org.testng.internal.invokers.TestInvoker.invokeTestMethods(TestInvoker.java:201)
[TestNG] 	at org.testng.internal.invokers.TestMethodWorker.invokeTestMethods(TestMethodWorker.java:148)
[TestNG] 	at org.testng.internal.invokers.TestMethodWorker.run(TestMethodWorker.java:128)
[TestNG] 	at java.base/java.util.ArrayList.forEach(ArrayList.java:1596)
[TestNG] 	at org.testng.TestRunner.privateRun(TestRunner.java:819)
[TestNG] 	at org.testng.TestRunner.run(TestRunner.java:619)
[TestNG] 	at org.testng.SuiteRunner.runTest(SuiteRunner.java:443)
[TestNG] 	at org.testng.SuiteRunner.runSequentially(SuiteRunner.java:437)
[TestNG] 	at org.testng.SuiteRunner.privateRun(SuiteRunner.java:397)
[TestNG] 	at org.testng.SuiteRunner.run(SuiteRunner.java:336)
[TestNG] 	at org.testng.SuiteRunnerWorker.runSuite(SuiteRunnerWorker.java:52)
[TestNG] 	at org.testng.SuiteRunnerWorker.run(SuiteRunnerWorker.java:95)
[TestNG] 	at org.testng.TestNG.runSuitesSequentially(TestNG.java:1301)
[TestNG] 	at org.testng.TestNG.runSuitesLocally(TestNG.java:1228)
[TestNG] 	at org.testng.TestNG.runSuites(TestNG.java:1134)
[TestNG] 	at org.testng.TestNG.run(TestNG.java:1101)
[TestNG] 	at org.apache.maven.surefire.testng.TestNGExecutor.run(TestNGExecutor.java:308)
[TestNG] 	at org.apache.maven.surefire.testng.TestNGXmlTestSuite.execute(TestNGXmlTestSuite.java:71)
[TestNG] 	at org.apache.maven.surefire.testng.TestNGProvider.invoke(TestNGProvider.java:113)
[TestNG] 	at org.apache.maven.surefire.booter.ForkedBooter.runSuitesInProcess(ForkedBooter.java:385)
[TestNG] 	at org.apache.maven.surefire.booter.ForkedBooter.execute(ForkedBooter.java:162)
[TestNG] 	at org.apache.maven.surefire.booter.ForkedBooter.run(ForkedBooter.java:507)
[TestNG] 	at org.apache.maven.surefire.booter.ForkedBooter.main(ForkedBooter.java:495)
[TestNG] Caused by: java.util.concurrent.TimeoutException
[TestNG] 	at java.base/java.util.concurrent.CompletableFuture.timedGet(CompletableFuture.java:1960)
[TestNG] 	at java.base/java.util.concurrent.CompletableFuture.get(CompletableFuture.java:2095)
[TestNG] 	at org.openqa.selenium.remote.http.jdk.JdkHttpClient.execute0(JdkHttpClient.java:382)
[TestNG] 	... 62 more
[TestNG] INVOKING: "Sub test1" - com.optum.rxcomet.tests.ImplementationTest.headerTest(java.lang.String,java.lang.String)(value(s): "HonorHealth", "HonorHealth_ImplementationDataExport")
[TestNG] SKIPPED: "Sub test1" - com.optum.rxcomet.tests.ImplementationTest.headerTest(java.lang.String,java.lang.String)(value(s): "HonorHealth", "HonorHealth_ImplementationDataExport") finished in 0 ms
[TestNG] org.openqa.selenium.TimeoutException: java.util.concurrent.TimeoutException
[TestNG] Build info: version: '4.21.0', revision: '79ed462ef4'
[TestNG] System info: os.name: 'Windows 11', os.arch: 'amd64', os.version: '10.0', java.version: '21.0.8'
[TestNG] Driver info: org.openqa.selenium.chrome.ChromeDriver
[TestNG] Command: [b4c4c37787ac48b5b802f9823d6cde2b, get {url=https://www.flipkart.com/}]
[TestNG] Capabilities {acceptInsecureCerts: false, browserName: chrome, browserVersion: 140.0.7339.128, chrome: {chromedriverVersion: 140.0.7339.207 (17230b545fd..., userDataDir: C:\Users\DELL\AppData\Local...}, fedcm:accounts: true, goog:chromeOptions: {debuggerAddress: localhost:64568}, networkConnectionEnabled: false, pageLoadStrategy: normal, platformName: windows, proxy: Proxy(), se:cdp: ws://localhost:64568/devtoo..., se:cdpVersion: 140.0.7339.128, setWindowRect: true, strictFileInteractability: false, timeouts: {implicit: 0, pageLoad: 300000, script: 30000}, unhandledPromptBehavior: dismiss and notify, webauthn:extension:credBlob: true, webauthn:extension:largeBlob: true, webauthn:extension:minPinLength: true, webauthn:extension:prf: true, webauthn:virtualAuthenticators: true}
[TestNG] Session ID: b4c4c37787ac48b5b802f9823d6cde2b
[TestNG] 	at org.openqa.selenium.remote.http.jdk.JdkHttpClient.execute0(JdkHttpClient.java:399)
[TestNG] 	at org.openqa.selenium.remote.http.AddSeleniumUserAgent.lambda$apply$0(AddSeleniumUserAgent.java:42)
[TestNG] 	at org.openqa.selenium.remote.http.Filter.lambda$andFinally$1(Filter.java:55)
[TestNG] 	at org.openqa.selenium.remote.http.jdk.JdkHttpClient.execute(JdkHttpClient.java:355)
[TestNG] 	at org.openqa.selenium.remote.HttpCommandExecutor.execute(HttpCommandExecutor.java:187)
[TestNG] 	at org.openqa.selenium.remote.service.DriverCommandExecutor.invokeExecute(DriverCommandExecutor.java:216)
[TestNG] 	at org.openqa.selenium.remote.service.DriverCommandExecutor.execute(DriverCommandExecutor.java:174)
[TestNG] 	at org.openqa.selenium.remote.RemoteWebDriver.execute(RemoteWebDriver.java:518)
[TestNG] 	at org.openqa.selenium.remote.RemoteWebDriver.get(RemoteWebDriver.java:300)
[TestNG] 	at com.optum.rxcomet.utils.Interactions.launchBrowser(Interactions.java:75)
[TestNG] 	at com.optum.rxcomet.utils.BaseTest.setup(BaseTest.java:25)
[TestNG] 	at java.base/jdk.internal.reflect.DirectMethodHandleAccessor.invoke(DirectMethodHandleAccessor.java:103)
[TestNG] 	at java.base/java.lang.reflect.Method.invoke(Method.java:580)
[TestNG] 	at org.testng.internal.invokers.MethodInvocationHelper.invokeMethod(MethodInvocationHelper.java:139)
[TestNG] 	at org.testng.internal.invokers.MethodInvocationHelper.invokeMethodConsideringTimeout(MethodInvocationHelper.java:69)
[TestNG] 	at org.testng.internal.invokers.ConfigInvoker.invokeConfigurationMethod(ConfigInvoker.java:393)
[TestNG] 	at org.testng.internal.invokers.ConfigInvoker.invokeConfigurations(ConfigInvoker.java:326)
[TestNG] 	at org.testng.internal.invokers.TestMethodWorker.invokeBeforeClassMethods(TestMethodWorker.java:180)
[TestNG] 	at org.testng.internal.invokers.TestMethodWorker.run(TestMethodWorker.java:122)
[TestNG] 	at java.base/java.util.ArrayList.forEach(ArrayList.java:1596)
[TestNG] 	at org.testng.TestRunner.privateRun(TestRunner.java:819)
[TestNG] 	at org.testng.TestRunner.run(TestRunner.java:619)
[TestNG] 	at org.testng.SuiteRunner.runTest(SuiteRunner.java:443)
[TestNG] 	at org.testng.SuiteRunner.runSequentially(SuiteRunner.java:437)
[TestNG] 	at org.testng.SuiteRunner.privateRun(SuiteRunner.java:397)
[TestNG] 	at org.testng.SuiteRunner.run(SuiteRunner.java:336)
[TestNG] 	at org.testng.SuiteRunnerWorker.runSuite(SuiteRunnerWorker.java:52)
[TestNG] 	at org.testng.SuiteRunnerWorker.run(SuiteRunnerWorker.java:95)
[TestNG] 	at org.testng.TestNG.runSuitesSequentially(TestNG.java:1301)
[TestNG] 	at org.testng.TestNG.runSuitesLocally(TestNG.java:1228)
[TestNG] 	at org.testng.TestNG.runSuites(TestNG.java:1134)
[TestNG] 	at org.testng.TestNG.run(TestNG.java:1101)
[TestNG] 	at com.optum.rxcomet.runnerclass.RunTest.runMain(RunTest.java:92)
[TestNG] 	at java.base/jdk.internal.reflect.DirectMethodHandleAccessor.invoke(DirectMethodHandleAccessor.java:103)
[TestNG] 	at java.base/java.lang.reflect.Method.invoke(Method.java:580)
[TestNG] 	at org.testng.internal.invokers.MethodInvocationHelper.invokeMethod(MethodInvocationHelper.java:139)
[TestNG] 	at org.testng.internal.invokers.TestInvoker.invokeMethod(TestInvoker.java:664)
[TestNG] 	at org.testng.internal.invokers.TestInvoker.invokeTestMethod(TestInvoker.java:228)
[TestNG] 	at org.testng.internal.invokers.MethodRunner.runInSequence(MethodRunner.java:63)
[TestNG] 	at org.testng.internal.invokers.TestInvoker$MethodInvocationAgent.invoke(TestInvoker.java:961)
[TestNG] 	at org.testng.internal.invokers.TestInvoker.invokeTestMethods(TestInvoker.java:201)
[TestNG] 	at org.testng.internal.invokers.TestMethodWorker.invokeTestMethods(TestMethodWorker.java:148)
[TestNG] 	at org.testng.internal.invokers.TestMethodWorker.run(TestMethodWorker.java:128)
[TestNG] 	at java.base/java.util.ArrayList.forEach(ArrayList.java:1596)
[TestNG] 	at org.testng.TestRunner.privateRun(TestRunner.java:819)
[TestNG] 	at org.testng.TestRunner.run(TestRunner.java:619)
[TestNG] 	at org.testng.SuiteRunner.runTest(SuiteRunner.java:443)
[TestNG] 	at org.testng.SuiteRunner.runSequentially(SuiteRunner.java:437)
[TestNG] 	at org.testng.SuiteRunner.privateRun(SuiteRunner.java:397)
[TestNG] 	at org.testng.SuiteRunner.run(SuiteRunner.java:336)
[TestNG] 	at org.testng.SuiteRunnerWorker.runSuite(SuiteRunnerWorker.java:52)
[TestNG] 	at org.testng.SuiteRunnerWorker.run(SuiteRunnerWorker.java:95)
[TestNG] 	at org.testng.TestNG.runSuitesSequentially(TestNG.java:1301)
[TestNG] 	at org.testng.TestNG.runSuitesLocally(TestNG.java:1228)
[TestNG] 	at org.testng.TestNG.runSuites(TestNG.java:1134)
[TestNG] 	at org.testng.TestNG.run(TestNG.java:1101)
[TestNG] 	at org.apache.maven.surefire.testng.TestNGExecutor.run(TestNGExecutor.java:308)
[TestNG] 	at org.apache.maven.surefire.testng.TestNGXmlTestSuite.execute(TestNGXmlTestSuite.java:71)
[TestNG] 	at org.apache.maven.surefire.testng.TestNGProvider.invoke(TestNGProvider.java:113)
[TestNG] 	at org.apache.maven.surefire.booter.ForkedBooter.runSuitesInProcess(ForkedBooter.java:385)
[TestNG] 	at org.apache.maven.surefire.booter.ForkedBooter.execute(ForkedBooter.java:162)
[TestNG] 	at org.apache.maven.surefire.booter.ForkedBooter.run(ForkedBooter.java:507)
[TestNG] 	at org.apache.maven.surefire.booter.ForkedBooter.main(ForkedBooter.java:495)
[TestNG] Caused by: java.util.concurrent.TimeoutException
[TestNG] 	at java.base/java.util.concurrent.CompletableFuture.timedGet(CompletableFuture.java:1960)
[TestNG] 	at java.base/java.util.concurrent.CompletableFuture.get(CompletableFuture.java:2095)
[TestNG] 	at org.openqa.selenium.remote.http.jdk.JdkHttpClient.execute0(JdkHttpClient.java:382)
[TestNG] 	... 62 more
[TestNG] INVOKING CONFIGURATION: "Sub test1" - @AfterClass com.optum.rxcomet.utils.BaseTest.quitBrowser()
[TestNG] SKIPPED CONFIGURATION: "Sub test1" - @AfterClass com.optum.rxcomet.utils.BaseTest.quitBrowser() finished in 0 ms
===== Invoked methods
=====
[TestNG] 
[TestNG] ===============================================
[TestNG]     Sub test1
[TestNG]     Tests run: 1, Failures: 0, Skips: [ImplementationTest.headerTest(java.lang.String,java.lang.String)[pri:0, instance:com.optum.rxcomet.tests.ImplementationTest@1c33c17b]]
[TestNG]     Configuration Failures: 1, Skips: 1
[TestNG] ===============================================
FAILED CONFIGURATION: @BeforeClass com.optum.rxcomet.utils.BaseTest.setup("HonorHealth_ImplementationDataExport")
org.openqa.selenium.TimeoutException: java.util.concurrent.TimeoutException
Build info: version: '4.21.0', revision: '79ed462ef4'
System info: os.name: 'Windows 11', os.arch: 'amd64', os.version: '10.0', java.version: '21.0.8'
Driver info: org.openqa.selenium.chrome.ChromeDriver
Command: [b4c4c37787ac48b5b802f9823d6cde2b, get {url=https://www.flipkart.com/}]
Capabilities {acceptInsecureCerts: false, browserName: chrome, browserVersion: 140.0.7339.128, chrome: {chromedriverVersion: 140.0.7339.207 (17230b545fd..., userDataDir: C:\Users\DELL\AppData\Local...}, fedcm:accounts: true, goog:chromeOptions: {debuggerAddress: localhost:64568}, networkConnectionEnabled: false, pageLoadStrategy: normal, platformName: windows, proxy: Proxy(), se:cdp: ws://localhost:64568/devtoo..., se:cdpVersion: 140.0.7339.128, setWindowRect: true, strictFileInteractability: false, timeouts: {implicit: 0, pageLoad: 300000, script: 30000}, unhandledPromptBehavior: dismiss and notify, webauthn:extension:credBlob: true, webauthn:extension:largeBlob: true, webauthn:extension:minPinLength: true, webauthn:extension:prf: true, webauthn:virtualAuthenticators: true}
Session ID: b4c4c37787ac48b5b802f9823d6cde2b
	at org.openqa.selenium.remote.http.jdk.JdkHttpClient.execute0(JdkHttpClient.java:399)
	at org.openqa.selenium.remote.http.AddSeleniumUserAgent.lambda$apply$0(AddSeleniumUserAgent.java:42)
	at org.openqa.selenium.remote.http.Filter.lambda$andFinally$1(Filter.java:55)
	at org.openqa.selenium.remote.http.jdk.JdkHttpClient.execute(JdkHttpClient.java:355)
	at org.openqa.selenium.remote.HttpCommandExecutor.execute(HttpCommandExecutor.java:187)
	at org.openqa.selenium.remote.service.DriverCommandExecutor.invokeExecute(DriverCommandExecutor.java:216)
	at org.openqa.selenium.remote.service.DriverCommandExecutor.execute(DriverCommandExecutor.java:174)
	at org.openqa.selenium.remote.RemoteWebDriver.execute(RemoteWebDriver.java:518)
	at org.openqa.selenium.remote.RemoteWebDriver.get(RemoteWebDriver.java:300)
	at com.optum.rxcomet.utils.Interactions.launchBrowser(Interactions.java:75)
	at com.optum.rxcomet.utils.BaseTest.setup(BaseTest.java:25)
	at java.base/jdk.internal.reflect.DirectMethodHandleAccessor.invoke(DirectMethodHandleAccessor.java:103)
	at java.base/java.lang.reflect.Method.invoke(Method.java:580)
	at org.testng.internal.invokers.MethodInvocationHelper.invokeMethod(MethodInvocationHelper.java:139)
	at org.testng.internal.invokers.MethodInvocationHelper.invokeMethodConsideringTimeout(MethodInvocationHelper.java:69)
	at org.testng.internal.invokers.ConfigInvoker.invokeConfigurationMethod(ConfigInvoker.java:393)
	at org.testng.internal.invokers.ConfigInvoker.invokeConfigurations(ConfigInvoker.java:326)
	at org.testng.internal.invokers.TestMethodWorker.invokeBeforeClassMethods(TestMethodWorker.java:180)
	at org.testng.internal.invokers.TestMethodWorker.run(TestMethodWorker.java:122)
	at java.base/java.util.ArrayList.forEach(ArrayList.java:1596)
	at org.testng.TestRunner.privateRun(TestRunner.java:819)
	at org.testng.TestRunner.run(TestRunner.java:619)
	at org.testng.SuiteRunner.runTest(SuiteRunner.java:443)
	at org.testng.SuiteRunner.runSequentially(SuiteRunner.java:437)
	at org.testng.SuiteRunner.privateRun(SuiteRunner.java:397)
	at org.testng.SuiteRunner.run(SuiteRunner.java:336)
	at org.testng.SuiteRunnerWorker.runSuite(SuiteRunnerWorker.java:52)
	at org.testng.SuiteRunnerWorker.run(SuiteRunnerWorker.java:95)
	at org.testng.TestNG.runSuitesSequentially(TestNG.java:1301)
	at org.testng.TestNG.runSuitesLocally(TestNG.java:1228)
	at org.testng.TestNG.runSuites(TestNG.java:1134)
	at org.testng.TestNG.run(TestNG.java:1101)
	at com.optum.rxcomet.runnerclass.RunTest.runMain(RunTest.java:92)
	at java.base/jdk.internal.reflect.DirectMethodHandleAccessor.invoke(DirectMethodHandleAccessor.java:103)
	at java.base/java.lang.reflect.Method.invoke(Method.java:580)
	at org.testng.internal.invokers.MethodInvocationHelper.invokeMethod(MethodInvocationHelper.java:139)
	at org.testng.internal.invokers.TestInvoker.invokeMethod(TestInvoker.java:664)
	at org.testng.internal.invokers.TestInvoker.invokeTestMethod(TestInvoker.java:228)
	at org.testng.internal.invokers.MethodRunner.runInSequence(MethodRunner.java:63)
	at org.testng.internal.invokers.TestInvoker$MethodInvocationAgent.invoke(TestInvoker.java:961)
	at org.testng.internal.invokers.TestInvoker.invokeTestMethods(TestInvoker.java:201)
	at org.testng.internal.invokers.TestMethodWorker.invokeTestMethods(TestMethodWorker.java:148)
	at org.testng.internal.invokers.TestMethodWorker.run(TestMethodWorker.java:128)
	at java.base/java.util.ArrayList.forEach(ArrayList.java:1596)
	at org.testng.TestRunner.privateRun(TestRunner.java:819)
	at org.testng.TestRunner.run(TestRunner.java:619)
	at org.testng.SuiteRunner.runTest(SuiteRunner.java:443)
	at org.testng.SuiteRunner.runSequentially(SuiteRunner.java:437)
	at org.testng.SuiteRunner.privateRun(SuiteRunner.java:397)
	at org.testng.SuiteRunner.run(SuiteRunner.java:336)
	at org.testng.SuiteRunnerWorker.runSuite(SuiteRunnerWorker.java:52)
	at org.testng.SuiteRunnerWorker.run(SuiteRunnerWorker.java:95)
	at org.testng.TestNG.runSuitesSequentially(TestNG.java:1301)
	at org.testng.TestNG.runSuitesLocally(TestNG.java:1228)
	at org.testng.TestNG.runSuites(TestNG.java:1134)
	at org.testng.TestNG.run(TestNG.java:1101)
	at org.apache.maven.surefire.testng.TestNGExecutor.run(TestNGExecutor.java:308)
	at org.apache.maven.surefire.testng.TestNGXmlTestSuite.execute(TestNGXmlTestSuite.java:71)
	at org.apache.maven.surefire.testng.TestNGProvider.invoke(TestNGProvider.java:113)
	at org.apache.maven.surefire.booter.ForkedBooter.runSuitesInProcess(ForkedBooter.java:385)
	at org.apache.maven.surefire.booter.ForkedBooter.execute(ForkedBooter.java:162)
	at org.apache.maven.surefire.booter.ForkedBooter.run(ForkedBooter.java:507)
	at org.apache.maven.surefire.booter.ForkedBooter.main(ForkedBooter.java:495)
Caused by: java.util.concurrent.TimeoutException
	at java.base/java.util.concurrent.CompletableFuture.timedGet(CompletableFuture.java:1960)
	at java.base/java.util.concurrent.CompletableFuture.get(CompletableFuture.java:2095)
	at org.openqa.selenium.remote.http.jdk.JdkHttpClient.execute0(JdkHttpClient.java:382)
	... 62 more

SKIPPED CONFIGURATION: @AfterClass com.optum.rxcomet.utils.BaseTest.quitBrowser
SKIPPED: com.optum.rxcomet.tests.ImplementationTest.headerTest("HonorHealth", "HonorHealth_ImplementationDataExport")
org.openqa.selenium.TimeoutException: java.util.concurrent.TimeoutException
Build info: version: '4.21.0', revision: '79ed462ef4'
System info: os.name: 'Windows 11', os.arch: 'amd64', os.version: '10.0', java.version: '21.0.8'
Driver info: org.openqa.selenium.chrome.ChromeDriver
Command: [b4c4c37787ac48b5b802f9823d6cde2b, get {url=https://www.flipkart.com/}]
Capabilities {acceptInsecureCerts: false, browserName: chrome, browserVersion: 140.0.7339.128, chrome: {chromedriverVersion: 140.0.7339.207 (17230b545fd..., userDataDir: C:\Users\DELL\AppData\Local...}, fedcm:accounts: true, goog:chromeOptions: {debuggerAddress: localhost:64568}, networkConnectionEnabled: false, pageLoadStrategy: normal, platformName: windows, proxy: Proxy(), se:cdp: ws://localhost:64568/devtoo..., se:cdpVersion: 140.0.7339.128, setWindowRect: true, strictFileInteractability: false, timeouts: {implicit: 0, pageLoad: 300000, script: 30000}, unhandledPromptBehavior: dismiss and notify, webauthn:extension:credBlob: true, webauthn:extension:largeBlob: true, webauthn:extension:minPinLength: true, webauthn:extension:prf: true, webauthn:virtualAuthenticators: true}
Session ID: b4c4c37787ac48b5b802f9823d6cde2b
	at org.openqa.selenium.remote.http.jdk.JdkHttpClient.execute0(JdkHttpClient.java:399)
	at org.openqa.selenium.remote.http.AddSeleniumUserAgent.lambda$apply$0(AddSeleniumUserAgent.java:42)
	at org.openqa.selenium.remote.http.Filter.lambda$andFinally$1(Filter.java:55)
	at org.openqa.selenium.remote.http.jdk.JdkHttpClient.execute(JdkHttpClient.java:355)
	at org.openqa.selenium.remote.HttpCommandExecutor.execute(HttpCommandExecutor.java:187)
	at org.openqa.selenium.remote.service.DriverCommandExecutor.invokeExecute(DriverCommandExecutor.java:216)
	at org.openqa.selenium.remote.service.DriverCommandExecutor.execute(DriverCommandExecutor.java:174)
	at org.openqa.selenium.remote.RemoteWebDriver.execute(RemoteWebDriver.java:518)
	at org.openqa.selenium.remote.RemoteWebDriver.get(RemoteWebDriver.java:300)
	at com.optum.rxcomet.utils.Interactions.launchBrowser(Interactions.java:75)
	at com.optum.rxcomet.utils.BaseTest.setup(BaseTest.java:25)
	at java.base/jdk.internal.reflect.DirectMethodHandleAccessor.invoke(DirectMethodHandleAccessor.java:103)
	at java.base/java.lang.reflect.Method.invoke(Method.java:580)
	at org.testng.internal.invokers.MethodInvocationHelper.invokeMethod(MethodInvocationHelper.java:139)
	at org.testng.internal.invokers.MethodInvocationHelper.invokeMethodConsideringTimeout(MethodInvocationHelper.java:69)
	at org.testng.internal.invokers.ConfigInvoker.invokeConfigurationMethod(ConfigInvoker.java:393)
	at org.testng.internal.invokers.ConfigInvoker.invokeConfigurations(ConfigInvoker.java:326)
	at org.testng.internal.invokers.TestMethodWorker.invokeBeforeClassMethods(TestMethodWorker.java:180)
	at org.testng.internal.invokers.TestMethodWorker.run(TestMethodWorker.java:122)
	at java.base/java.util.ArrayList.forEach(ArrayList.java:1596)
	at org.testng.TestRunner.privateRun(TestRunner.java:819)
	at org.testng.TestRunner.run(TestRunner.java:619)
	at org.testng.SuiteRunner.runTest(SuiteRunner.java:443)
	at org.testng.SuiteRunner.runSequentially(SuiteRunner.java:437)
	at org.testng.SuiteRunner.privateRun(SuiteRunner.java:397)
	at org.testng.SuiteRunner.run(SuiteRunner.java:336)
	at org.testng.SuiteRunnerWorker.runSuite(SuiteRunnerWorker.java:52)
	at org.testng.SuiteRunnerWorker.run(SuiteRunnerWorker.java:95)
	at org.testng.TestNG.runSuitesSequentially(TestNG.java:1301)
	at org.testng.TestNG.runSuitesLocally(TestNG.java:1228)
	at org.testng.TestNG.runSuites(TestNG.java:1134)
	at org.testng.TestNG.run(TestNG.java:1101)
	at com.optum.rxcomet.runnerclass.RunTest.runMain(RunTest.java:92)
	at java.base/jdk.internal.reflect.DirectMethodHandleAccessor.invoke(DirectMethodHandleAccessor.java:103)
	at java.base/java.lang.reflect.Method.invoke(Method.java:580)
	at org.testng.internal.invokers.MethodInvocationHelper.invokeMethod(MethodInvocationHelper.java:139)
	at org.testng.internal.invokers.TestInvoker.invokeMethod(TestInvoker.java:664)
	at org.testng.internal.invokers.TestInvoker.invokeTestMethod(TestInvoker.java:228)
	at org.testng.internal.invokers.MethodRunner.runInSequence(MethodRunner.java:63)
	at org.testng.internal.invokers.TestInvoker$MethodInvocationAgent.invoke(TestInvoker.java:961)
	at org.testng.internal.invokers.TestInvoker.invokeTestMethods(TestInvoker.java:201)
	at org.testng.internal.invokers.TestMethodWorker.invokeTestMethods(TestMethodWorker.java:148)
	at org.testng.internal.invokers.TestMethodWorker.run(TestMethodWorker.java:128)
	at java.base/java.util.ArrayList.forEach(ArrayList.java:1596)
	at org.testng.TestRunner.privateRun(TestRunner.java:819)
	at org.testng.TestRunner.run(TestRunner.java:619)
	at org.testng.SuiteRunner.runTest(SuiteRunner.java:443)
	at org.testng.SuiteRunner.runSequentially(SuiteRunner.java:437)
	at org.testng.SuiteRunner.privateRun(SuiteRunner.java:397)
	at org.testng.SuiteRunner.run(SuiteRunner.java:336)
	at org.testng.SuiteRunnerWorker.runSuite(SuiteRunnerWorker.java:52)
	at org.testng.SuiteRunnerWorker.run(SuiteRunnerWorker.java:95)
	at org.testng.TestNG.runSuitesSequentially(TestNG.java:1301)
	at org.testng.TestNG.runSuitesLocally(TestNG.java:1228)
	at org.testng.TestNG.runSuites(TestNG.java:1134)
	at org.testng.TestNG.run(TestNG.java:1101)
	at org.apache.maven.surefire.testng.TestNGExecutor.run(TestNGExecutor.java:308)
	at org.apache.maven.surefire.testng.TestNGXmlTestSuite.execute(TestNGXmlTestSuite.java:71)
	at org.apache.maven.surefire.testng.TestNGProvider.invoke(TestNGProvider.java:113)
	at org.apache.maven.surefire.booter.ForkedBooter.runSuitesInProcess(ForkedBooter.java:385)
	at org.apache.maven.surefire.booter.ForkedBooter.execute(ForkedBooter.java:162)
	at org.apache.maven.surefire.booter.ForkedBooter.run(ForkedBooter.java:507)
	at org.apache.maven.surefire.booter.ForkedBooter.main(ForkedBooter.java:495)
Caused by: java.util.concurrent.TimeoutException
	at java.base/java.util.concurrent.CompletableFuture.timedGet(CompletableFuture.java:1960)
	at java.base/java.util.concurrent.CompletableFuture.get(CompletableFuture.java:2095)
	at org.openqa.selenium.remote.http.jdk.JdkHttpClient.execute0(JdkHttpClient.java:382)
	... 62 more


===============================================
    Sub test1
    Tests run: 1, Failures: 0, Skips: 1
    Configuration Failures: 1, Skips: 1
===============================================

[TestNG] INVOKING CONFIGURATION: "UNKNOWN" - @AfterSuite com.optum.rxcomet.utils.BaseTest.endReport()
[TestNG] PASSED CONFIGURATION: "UNKNOWN" - @AfterSuite com.optum.rxcomet.utils.BaseTest.endReport() finished in 2600 ms

===============================================
Suite
Total tests run: 1, Passes: 0, Failures: 0, Skips: 1
Configuration Failures: 1, Skips: 1
===============================================

]]></system-out>
    <system-err><![CDATA[SLF4J: Failed to load class "org.slf4j.impl.StaticLoggerBinder".
SLF4J: Defaulting to no-operation (NOP) logger implementation
SLF4J: See http://www.slf4j.org/codes.html#StaticLoggerBinder for further details.
ERROR StatusLogger Log4j2 could not find a logging implementation. Please add log4j-core to the classpath. Using SimpleLogger to log to the console...
Oct 03, 2025 3:59:22 PM org.openqa.selenium.devtools.CdpVersionFinder findNearestMatch
WARNING: Unable to find CDP implementation matching 140
Oct 03, 2025 3:59:22 PM org.openqa.selenium.chromium.ChromiumDriver lambda$new$5
WARNING: Unable to find version of CDP to use for 140.0.7339.128. You may need to include a dependency on a specific version of the CDP using something similar to `org.seleniumhq.selenium:selenium-devtools-v86:4.21.0` where the version ("v86") matches the version of the chromium-based browser you're using and the version number of the artifact is the same as Selenium's.
]]></system-err>
  </testcase>
</testsuite>