<?xml version="1.0" encoding="UTF-8"?>
<testng-results ignored="0" total="1" passed="1" failed="0" skipped="0">
  <reporter-output>
  </reporter-output>
  <suite started-at="2025-09-19T12:52:43 IST" name="Suite" finished-at="2025-09-19T12:53:40 IST" duration-ms="57212">
    <groups>
    </groups>
    <test started-at="2025-09-19T12:52:43 IST" name="Test" finished-at="2025-09-19T12:53:40 IST" duration-ms="57212">
      <class name="com.optum.rxcomet.runnerclass.RunTest">
        <test-method signature="runMain()[pri:0, instance:com.optum.rxcomet.runnerclass.RunTest@52719fb6]" started-at="2025-09-19T12:52:43 IST" name="runMain" finished-at="2025-09-19T12:53:40 IST" duration-ms="57162" status="PASS">
          <reporter-output>
          </reporter-output>
        </test-method> <!-- runMain -->
      </class> <!-- com.optum.rxcomet.runnerclass.RunTest -->
    </test> <!-- Test -->
  </suite> <!-- Suite -->
</testng-results>
