<?xml version="1.0" encoding="UTF-8"?>
<testsuite xmlns:xsi="http://www.w3.org/2001/XMLSchema-instance" xsi:noNamespaceSchemaLocation="https://maven.apache.org/surefire/maven-surefire-plugin/xsd/surefire-test-report.xsd" version="3.0.1" name="TestSuite" time="57.819" tests="1" errors="0" skipped="0" failures="0">
  <properties>
[...]
</properties>
  <testcase name="runMain" classname="com.optum.rxcomet.runnerclass.RunTest" time="57.162">
    <system-out><![CDATA[[TestNG] INVOKING CONFIGURATION: "UNKNOWN" - @BeforeSuite com.optum.rxcomet.utils.BaseTest.reportSetup()
[TestNG] PASSED CONFIGURATION: "UNKNOWN" - @BeforeSuite com.optum.rxcomet.utils.BaseTest.reportSetup() finished in 241 ms
[TestNG] RUNNING: Suite: "Test" containing "0" Tests (config: null)
===== Invoked methods
=====
[TestNG] 
[TestNG] ===============================================
[TestNG]     Test
[TestNG]     Tests run: 0, Failures: 0, Skips: []
[TestNG] ===============================================

===============================================
    Test
    Tests run: 0, Failures: 0, Skips: 0
===============================================

[TestNG] RUNNING: Suite: "Sub test1" containing "1" Tests (config: null)
[TestNG] INVOKING CONFIGURATION: "Sub test1" - @BeforeClass com.optum.rxcomet.utils.BaseTest.setup(java.lang.String)(value(s): "HonorHealth_ImplementationDataExport")
[TestNG] PASSED CONFIGURATION: "Sub test1" - @BeforeClass com.optum.rxcomet.utils.BaseTest.setup(java.lang.String)(value(s): "HonorHealth_ImplementationDataExport") finished in 34771 ms
[TestNG] INVOKING: "Sub test1" - com.optum.rxcomet.tests.ImplementationTest.headerTest(java.lang.String,java.lang.String)(value(s): "HonorHealth", "HonorHealth_ImplementationDataExport")
Clicked on Employee SignIn
Clicked on Active Tag option
Entered search value as HonorHealth
Clicked on First result from search items
Client name validated as excel report.
Carrier ID validated against excel report.
Platform validated against excel report.
IPM validated against excel report.
Go Live Date validated as excel report.
[TestNG] PASSED: "Sub test1" - com.optum.rxcomet.tests.ImplementationTest.headerTest(java.lang.String,java.lang.String)(value(s): "HonorHealth", "HonorHealth_ImplementationDataExport") finished in 19314 ms
[TestNG] INVOKING CONFIGURATION: "Sub test1" - @AfterClass com.optum.rxcomet.utils.BaseTest.quitBrowser()
[TestNG] PASSED CONFIGURATION: "Sub test1" - @AfterClass com.optum.rxcomet.utils.BaseTest.quitBrowser() finished in 1906 ms
===== Invoked methods
    ImplementationTest.headerTest(java.lang.String,java.lang.String)[pri:0, instance:com.optum.rxcomet.tests.ImplementationTest@fd8294b]
=====
[TestNG] 
[TestNG] ===============================================
[TestNG]     Sub test1
[TestNG]     Tests run: 1, Failures: 0, Skips: []
[TestNG] ===============================================
PASSED: com.optum.rxcomet.tests.ImplementationTest.headerTest("HonorHealth", "HonorHealth_ImplementationDataExport")

===============================================
    Sub test1
    Tests run: 1, Failures: 0, Skips: 0
===============================================

[TestNG] INVOKING CONFIGURATION: "UNKNOWN" - @AfterSuite com.optum.rxcomet.utils.BaseTest.endReport()
[TestNG] PASSED CONFIGURATION: "UNKNOWN" - @AfterSuite com.optum.rxcomet.utils.BaseTest.endReport() finished in 355 ms

===============================================
Suite
Total tests run: 1, Passes: 1, Failures: 0, Skips: 0
===============================================

]]></system-out>
    <system-err><![CDATA[SLF4J: Failed to load class "org.slf4j.impl.StaticLoggerBinder".
SLF4J: Defaulting to no-operation (NOP) logger implementation
SLF4J: See http://www.slf4j.org/codes.html#StaticLoggerBinder for further details.
ERROR StatusLogger Log4j2 could not find a logging implementation. Please add log4j-core to the classpath. Using SimpleLogger to log to the console...
Sep 19, 2025 12:53:08 PM org.openqa.selenium.devtools.CdpVersionFinder findNearestMatch
WARNING: Unable to find CDP implementation matching 140
Sep 19, 2025 12:53:08 PM org.openqa.selenium.chromium.ChromiumDriver lambda$new$5
WARNING: Unable to find version of CDP to use for 140.0.7339.128. You may need to include a dependency on a specific version of the CDP using something similar to `org.seleniumhq.selenium:selenium-devtools-v86:4.21.0` where the version ("v86") matches the version of the chromium-based browser you're using and the version number of the artifact is the same as Selenium's.
]]></system-err>
  </testcase>
</testsuite>