<?xml version="1.0" encoding="UTF-8"?>
<testng-results ignored="0" total="1" passed="1" failed="0" skipped="0">
  <reporter-output>
  </reporter-output>
  <suite started-at="2025-10-03T15:59:05 IST" name="Suite" finished-at="2025-10-03T16:02:26 IST" duration-ms="201054">
    <groups>
    </groups>
    <test started-at="2025-10-03T15:59:05 IST" name="Test" finished-at="2025-10-03T16:02:26 IST" duration-ms="201054">
      <class name="com.optum.rxcomet.runnerclass.RunTest">
        <test-method signature="runMain()[pri:0, instance:com.optum.rxcomet.runnerclass.RunTest@333291e3]" started-at="2025-10-03T15:59:05 IST" name="runMain" finished-at="2025-10-03T16:02:26 IST" duration-ms="200921" status="PASS">
          <reporter-output>
          </reporter-output>
        </test-method> <!-- runMain -->
      </class> <!-- com.optum.rxcomet.runnerclass.RunTest -->
    </test> <!-- Test -->
  </suite> <!-- Suite -->
</testng-results>
